                                                                      00/00/00
                                                                      00:00:00
  ***  SCREEN3 MODEL RUN  ***
  *** VERSION DATED 13043 ***

 PRUEBA                                                                         

 SIMPLE TERRAIN INPUTS:
    SOURCE TYPE            =        POINT
    EMISSION RATE (G/S)    =     0.100000E-02
    STACK HEIGHT (M)       =      10.0000
    STK INSIDE DIAM (M)    =       1.0000
    STK EXIT VELOCITY (M/S)=       1.0000
    STK GAS EXIT TEMP (K)  =     320.0000
    AMBIENT AIR TEMP (K)   =     300.0000
    RECEPTOR HEIGHT (M)    =       1.5000
    URBAN/RURAL OPTION     =        URBAN
    BUILDING HEIGHT (M)    =       0.0000
    MIN HORIZ BLDG DIM (M) =       0.0000
    MAX HORIZ BLDG DIM (M) =       0.0000

 THE REGULATORY (DEFAULT) MIXING HEIGHT OPTION WAS SELECTED.
 THE REGULATORY (DEFAULT) ANEMOMETER HEIGHT OF 10.0 METERS WAS ENTERED.


 BUOY. FLUX =    0.153 M**4/S**3;  MOM. FLUX =    0.234 M**4/S**2.

 *** FULL METEOROLOGY ***

 **********************************
 *** SCREEN AUTOMATED DISTANCES ***
 **********************************

 *** TERRAIN HEIGHT OF    5. M ABOVE STACK BASE USED FOR FOLLOWING DISTANCES ***

   DIST     CONC             U10M   USTK  MIX HT   PLUME   SIGMA   SIGMA
    (M)   (UG/M**3)   STAB  (M/S)  (M/S)    (M)   HT (M)   Y (M)   Z (M)  DWASH
 -------  ----------  ----  -----  -----  ------  ------  ------  ------  -----
    100.    1.162        4     1.0    1.0   320.0    9.25   15.76   13.88    NO
    200.   0.5025        6     1.0    1.0 10000.0   17.30   21.51   14.54    NO
    300.   0.3469        6     1.0    1.0 10000.0   17.30   31.41   20.29    NO
    400.   0.2410        6     1.0    1.0 10000.0   17.30   41.03   25.58    NO
    500.   0.1764        6     1.0    1.0 10000.0   17.30   50.35   30.48    NO
    600.   0.1353        6     1.0    1.0 10000.0   17.30   59.39   35.03    NO
    700.   0.1078        6     1.0    1.0 10000.0   17.30   68.17   39.30    NO
    800.   0.8843E-01    6     1.0    1.0 10000.0   17.30   76.69   43.32    NO
    900.   0.7428E-01    6     1.0    1.0 10000.0   17.30   84.98   47.12    NO
   1000.   0.6359E-01    6     1.0    1.0 10000.0   17.30   93.04   50.74    NO
   1100.   0.5530E-01    6     1.0    1.0 10000.0   17.30  100.90   54.19    NO
   1200.   0.4872E-01    6     1.0    1.0 10000.0   17.30  108.57   57.50    NO
   1300.   0.4340E-01    6     1.0    1.0 10000.0   17.30  116.05   60.67    NO
   1400.   0.3902E-01    6     1.0    1.0 10000.0   17.30  123.36   63.73    NO
   1500.   0.3536E-01    6     1.0    1.0 10000.0   17.30  130.50   66.67    NO
   1600.   0.3228E-01    6     1.0    1.0 10000.0   17.30  137.49   69.52    NO
   1700.   0.2965E-01    6     1.0    1.0 10000.0   17.30  144.32   72.28    NO
   1800.   0.2737E-01    6     1.0    1.0 10000.0   17.30  151.02   74.96    NO
   1900.   0.2540E-01    6     1.0    1.0 10000.0   17.30  157.59   77.56    NO
   2000.   0.2367E-01    6     1.0    1.0 10000.0   17.30  164.02   80.09    NO
   2100.   0.2214E-01    6     1.0    1.0 10000.0   17.30  170.34   82.56    NO
   2200.   0.2078E-01    6     1.0    1.0 10000.0   17.30  176.54   84.96    NO
   2300.   0.1957E-01    6     1.0    1.0 10000.0   17.30  182.63   87.31    NO
   2400.   0.1848E-01    6     1.0    1.0 10000.0   17.30  188.61   89.60    NO
   2500.   0.1750E-01    6     1.0    1.0 10000.0   17.30  194.49   91.84    NO
   2600.   0.1661E-01    6     1.0    1.0 10000.0   17.30  200.28   94.04    NO
   2700.   0.1581E-01    6     1.0    1.0 10000.0   17.30  205.97   96.19    NO
   2800.   0.1507E-01    6     1.0    1.0 10000.0   17.30  211.57   98.30    NO
   2900.   0.1439E-01    6     1.0    1.0 10000.0   17.30  217.09  100.37    NO
   3000.   0.1377E-01    6     1.0    1.0 10000.0   17.30  222.52  102.41    NO
   3500.   0.1129E-01    6     1.0    1.0 10000.0   17.30  248.55  112.06    NO
   4000.   0.9540E-02    6     1.0    1.0 10000.0   17.30  272.90  121.01    NO
   4500.   0.8242E-02    6     1.0    1.0 10000.0   17.30  295.84  129.37    NO
   5000.   0.7245E-02    6     1.0    1.0 10000.0   17.30  317.57  137.25    NO
   5500.   0.6456E-02    6     1.0    1.0 10000.0   17.30  338.23  144.72    NO
   6000.   0.5818E-02    6     1.0    1.0 10000.0   17.30  357.96  151.84    NO
   6500.   0.5292E-02    6     1.0    1.0 10000.0   17.30  376.86  158.64    NO
   7000.   0.4852E-02    6     1.0    1.0 10000.0   17.30  395.02  165.18    NO
   7500.   0.4477E-02    6     1.0    1.0 10000.0   17.30  412.52  171.47    NO
   8000.   0.4155E-02    6     1.0    1.0 10000.0   17.30  429.41  177.54    NO
   8500.   0.3876E-02    6     1.0    1.0 10000.0   17.30  445.76  183.42    NO
   9000.   0.3631E-02    6     1.0    1.0 10000.0   17.30  461.61  189.12    NO
   9500.   0.3415E-02    6     1.0    1.0 10000.0   17.30  476.99  194.65    NO
  10000.   0.3222E-02    6     1.0    1.0 10000.0   17.30  491.95  200.04    NO

 MAXIMUM 1-HR CONCENTRATION AT OR BEYOND   100. M:
    100.    1.162        4     1.0    1.0   320.0    9.25   15.76   13.88    NO

  DWASH=   MEANS NO CALC MADE (CONC = 0.0)
  DWASH=NO MEANS NO BUILDING DOWNWASH USED
  DWASH=HS MEANS HUBER-SNYDER DOWNWASH USED
  DWASH=SS MEANS SCHULMAN-SCIRE DOWNWASH USED
  DWASH=NA MEANS DOWNWASH NOT APPLICABLE, X<3*LB

 *********************************
 *** SCREEN DISCRETE DISTANCES ***
 *********************************

 *** TERRAIN HEIGHT OF    0. M ABOVE STACK BASE USED FOR FOLLOWING DISTANCES ***

   DIST     CONC             U10M   USTK  MIX HT   PLUME   SIGMA   SIGMA
    (M)   (UG/M**3)   STAB  (M/S)  (M/S)    (M)   HT (M)   Y (M)   Z (M)  DWASH
 -------  ----------  ----  -----  -----  ------  ------  ------  ------  -----

  DWASH=   MEANS NO CALC MADE (CONC = 0.0)
  DWASH=NO MEANS NO BUILDING DOWNWASH USED
  DWASH=HS MEANS HUBER-SNYDER DOWNWASH USED
  DWASH=SS MEANS SCHULMAN-SCIRE DOWNWASH USED
  DWASH=NA MEANS DOWNWASH NOT APPLICABLE, X<3*LB

  ********************************************
  *  SUMMARY OF TERRAIN HEIGHTS ENTERED FOR  *
  *    SIMPLE ELEVATED TERRAIN PROCEDURE     *
  ********************************************

       TERRAIN        DISTANCE RANGE (M)
        HT (M)       MINIMUM     MAXIMUM
       -------      --------    --------
            5.          100.      10000.

      ***************************************
      *** SUMMARY OF SCREEN MODEL RESULTS ***
      ***************************************

  CALCULATION        MAX CONC    DIST TO   TERRAIN
   PROCEDURE        (UG/M**3)    MAX (M)    HT (M)
 --------------    -----------   ---------   -------
 SIMPLE TERRAIN       1.162          100.        5.


 ***************************************************
 ** REMEMBER TO INCLUDE BACKGROUND CONCENTRATIONS **
 ***************************************************

